0 info it worked if it ends with ok
1 verbose cli [ 'C:\\Program Files\\nodejs\\node.exe',
1 verbose cli   'C:\\Program Files\\nodejs\\node_modules\\npm\\bin\\npm-cli.js',
1 verbose cli   'run',
1 verbose cli   'b' ]
2 info using npm@3.10.8
3 info using node@v7.0.0
4 verbose run-script [ 'preb', 'b', 'postb' ]
5 info lifecycle gulpBuild@1.0.0~preb: gulpBuild@1.0.0
6 silly lifecycle gulpBuild@1.0.0~preb: no script for preb, continuing
7 info lifecycle gulpBuild@1.0.0~b: gulpBuild@1.0.0
8 verbose lifecycle gulpBuild@1.0.0~b: unsafe-perm in lifecycle true
9 verbose lifecycle gulpBuild@1.0.0~b: PATH: C:\Program Files\nodejs\node_modules\npm\bin\node-gyp-bin;C:\Users\ty.tia\Desktop\gulpBuild\node_modules\.bin;C:\Users\ty.tia\bin;C:\Program Files\Git\mingw64\bin;C:\Program Files\Git\usr\local\bin;C:\Program Files\Git\usr\bin;C:\Program Files\Git\usr\bin;C:\Program Files\Git\mingw64\bin;C:\Program Files\Git\usr\bin;C:\Users\ty.tia\bin;C:\ProgramData\Oracle\Java\javapath;C:\Windows\system32;C:\Windows;C:\Windows\System32\Wbem;C:\Windows\System32\WindowsPowerShell\v1.0;C:\Program Files\Git\cmd;C:\Program Files\MySQL\MySQL Utilities 1.6;C:\Program Files\nodejs;C:\Users\ty.tia\AppData\Local\Microsoft\WindowsApps;C:\Users\ty.tia\AppData\Local\atom\bin;C:\Users\ty.tia\AppData\Roaming\npm;C:\Program Files\Apache Software Foundation\Tomcat 8.0\bin\tomcat8\bin;C:\Program Files\Git\usr\bin\vendor_perl;C:\Program Files\Git\usr\bin\core_perl
10 verbose lifecycle gulpBuild@1.0.0~b: CWD: C:\Users\ty.tia\Desktop\gulpBuild
11 silly lifecycle gulpBuild@1.0.0~b: Args: [ '/d /s /c',
11 silly lifecycle   'browserify dist/scripts/script.min.js -o bundle.js' ]
12 silly lifecycle gulpBuild@1.0.0~b: Returned: code: 1  signal: null
13 info lifecycle gulpBuild@1.0.0~b: Failed to exec b script
14 verbose stack Error: gulpBuild@1.0.0 b: `browserify dist/scripts/script.min.js -o bundle.js`
14 verbose stack Exit status 1
14 verbose stack     at EventEmitter.<anonymous> (C:\Program Files\nodejs\node_modules\npm\lib\utils\lifecycle.js:255:16)
14 verbose stack     at emitTwo (events.js:106:13)
14 verbose stack     at EventEmitter.emit (events.js:191:7)
14 verbose stack     at ChildProcess.<anonymous> (C:\Program Files\nodejs\node_modules\npm\lib\utils\spawn.js:40:14)
14 verbose stack     at emitTwo (events.js:106:13)
14 verbose stack     at ChildProcess.emit (events.js:191:7)
14 verbose stack     at maybeClose (internal/child_process.js:877:16)
14 verbose stack     at Process.ChildProcess._handle.onexit (internal/child_process.js:226:5)
15 verbose pkgid gulpBuild@1.0.0
16 verbose cwd C:\Users\ty.tia\Desktop\gulpBuild
17 error Windows_NT 10.0.14393
18 error argv "C:\\Program Files\\nodejs\\node.exe" "C:\\Program Files\\nodejs\\node_modules\\npm\\bin\\npm-cli.js" "run" "b"
19 error node v7.0.0
20 error npm  v3.10.8
21 error code ELIFECYCLE
22 error gulpBuild@1.0.0 b: `browserify dist/scripts/script.min.js -o bundle.js`
22 error Exit status 1
23 error Failed at the gulpBuild@1.0.0 b script 'browserify dist/scripts/script.min.js -o bundle.js'.
23 error Make sure you have the latest version of node.js and npm installed.
23 error If you do, this is most likely a problem with the gulpBuild package,
23 error not with npm itself.
23 error Tell the author that this fails on your system:
23 error     browserify dist/scripts/script.min.js -o bundle.js
23 error You can get information on how to open an issue for this project with:
23 error     npm bugs gulpBuild
23 error Or if that isn't available, you can get their info via:
23 error     npm owner ls gulpBuild
23 error There is likely additional logging output above.
24 verbose exit [ 1, true ]
